<?xml version="1.0" encoding="utf-8"?>
<log version="1.0" tool="runtool">

<msg id="1" tool="runtool">
  <type>log-start</type>
  <arg>2022/02/28 13:52:27</arg>
</msg>
<msg id="2" tool="runtool">
  <type>bandwidth-measurement-starts</type>
</msg>
<msg id="3" tool="runtool">
  <type>bandwidth-measurement-done</type>
</msg>
<msg id="4" tool="runtool">
  <type>collector-starts</type>
</msg>
<msg id="5" tool="runtool">
  <type>marker-file</type>
  <arg>/data/d0/y20/shyu0/CSCI4160/csci4160-asgn1a-aoiue/result/e000/trc000/trc000.advixe</arg>
</msg>
<msg id="6" tool="trc">
  <type>PROCESS_START</type>
  <arg>/data/d0/y20/shyu0/CSCI4160/csci4160-asgn1a-aoiue/runtest</arg>
  <arg>157038</arg>
  <severity>INFO</severity>
  <timestamp>Mon Feb 28 13:53:00 2022</timestamp>
</msg>
<msg id="7" tool="trc">
  <type>PROCESS_ANALYSIS_MODE</type>
  <arg>full</arg>
  <severity>INFO</severity>
  <timestamp>Mon Feb 28 13:53:00 2022</timestamp>
</msg>
<msg id="8" tool="trc">
  <type>LOAD_MODULE</type>
  <arg>/data/d0/y20/shyu0/CSCI4160/csci4160-asgn1a-aoiue/runtest</arg>
  <arg>0x400000</arg>
  <arg>0x6042a7</arg>
  <severity>INFO</severity>
  <timestamp>Mon Feb 28 13:53:00 2022</timestamp>
</msg>
<msg id="9" tool="trc">
  <type>LOAD_MODULE</type>
  <arg>/lib64/ld-linux-x86-64.so.2</arg>
  <arg>0x7f2d49047000</arg>
  <arg>0x7f2d4926a14f</arg>
  <severity>INFO</severity>
  <timestamp>Mon Feb 28 13:53:00 2022</timestamp>
</msg>
<msg id="10" tool="trc">
  <type>LOAD_MODULE</type>
  <arg>[vdso]</arg>
  <arg>0x7ffde43ab000</arg>
  <arg>0x7ffde43abe6c</arg>
  <severity>INFO</severity>
  <timestamp>Mon Feb 28 13:53:00 2022</timestamp>
</msg>
<msg id="11" tool="trc">
  <type>LOAD_MODULE</type>
  <arg>/lib64/libcunit.so.1</arg>
  <arg>0x7f2d33511000</arg>
  <arg>0x7f2d3371fc7f</arg>
  <severity>INFO</severity>
  <timestamp>Mon Feb 28 13:53:01 2022</timestamp>
</msg>
<msg id="12" tool="trc">
  <type>LOAD_MODULE</type>
  <arg>/lib64/libgomp.so.1</arg>
  <arg>0x7f2d332c1000</arg>
  <arg>0x7f2d334e65af</arg>
  <severity>INFO</severity>
  <timestamp>Mon Feb 28 13:53:01 2022</timestamp>
</msg>
<msg id="13" tool="trc">
  <type>LOAD_MODULE</type>
  <arg>/lib64/libpthread.so.0</arg>
  <arg>0x7f2d330a5000</arg>
  <arg>0x7f2d332c0487</arg>
  <severity>INFO</severity>
  <timestamp>Mon Feb 28 13:53:01 2022</timestamp>
</msg>
<msg id="14" tool="trc">
  <type>LOAD_MODULE</type>
  <arg>/lib64/libc.so.6</arg>
  <arg>0x7f2d32cd7000</arg>
  <arg>0x7f2d330a41ff</arg>
  <severity>INFO</severity>
  <timestamp>Mon Feb 28 13:53:01 2022</timestamp>
</msg>
<msg id="15" tool="trc">
  <type>UNLOAD_MODULE</type>
  <arg>/data/d0/y20/shyu0/CSCI4160/csci4160-asgn1a-aoiue/runtest</arg>
  <severity>INFO</severity>
  <timestamp>Mon Feb 28 13:57:42 2022</timestamp>
</msg>
<msg id="16" tool="trc">
  <type>UNLOAD_MODULE</type>
  <arg>/lib64/ld-linux-x86-64.so.2</arg>
  <severity>INFO</severity>
  <timestamp>Mon Feb 28 13:57:42 2022</timestamp>
</msg>
<msg id="17" tool="trc">
  <type>UNLOAD_MODULE</type>
  <arg>[vdso]</arg>
  <severity>INFO</severity>
  <timestamp>Mon Feb 28 13:57:42 2022</timestamp>
</msg>
<msg id="18" tool="trc">
  <type>UNLOAD_MODULE</type>
  <arg>/lib64/libcunit.so.1</arg>
  <severity>INFO</severity>
  <timestamp>Mon Feb 28 13:57:42 2022</timestamp>
</msg>
<msg id="19" tool="trc">
  <type>UNLOAD_MODULE</type>
  <arg>/lib64/libgomp.so.1</arg>
  <severity>INFO</severity>
  <timestamp>Mon Feb 28 13:57:42 2022</timestamp>
</msg>
<msg id="20" tool="trc">
  <type>UNLOAD_MODULE</type>
  <arg>/lib64/libpthread.so.0</arg>
  <severity>INFO</severity>
  <timestamp>Mon Feb 28 13:57:42 2022</timestamp>
</msg>
<msg id="21" tool="trc">
  <type>UNLOAD_MODULE</type>
  <arg>/lib64/libc.so.6</arg>
  <severity>INFO</severity>
  <timestamp>Mon Feb 28 13:57:42 2022</timestamp>
</msg>
<msg id="22" tool="trc">
  <type>PROCESS_FINISH</type>
  <arg>/data/d0/y20/shyu0/CSCI4160/csci4160-asgn1a-aoiue/runtest</arg>
  <arg>157038</arg>
  <arg>0x0</arg>
  <severity>INFO</severity>
  <timestamp>Mon Feb 28 13:57:42 2022</timestamp>
</msg>
<msg id="23" tool="runtool">
  <type>app-exit-code</type>
  <arg>0</arg>
</msg>
<msg id="24" tool="runtool">
  <type>marker-file</type>
  <arg>/data/d0/y20/shyu0/CSCI4160/csci4160-asgn1a-aoiue/result/e000/trc000/trc000.advixe</arg>
</msg>
<msg id="25" tool="runtool">
  <type>collector-done</type>
</msg>
<msg id="26" tool="runtool">
  <type>log-end</type>
  <arg>2022/02/28 13:57:46</arg>
</msg>

</log>

