Type '0' to run a toy testcase; Type a number of '1'~'12' to select a testcase; Type '13' to run all the 13 testcases: 

     CUnit - A unit testing framework for C - Version 2.1-3
     http://cunit.sourceforge.net/


Suite: SUITE
  Test: toyTestCase ...
Generating 5-dimension point dataset, number of points in dataset = 20
Time cost: 0.0000s
passed
  Test: testcase1 ...
Generating 4-dimension point dataset, number of points in dataset = 102400
Time cost: 1.0210s
passed
  Test: testcase2 ...
Generating 3-dimension point dataset, number of points in dataset = 512000
Time cost: 1.7980s
passed
  Test: testcase3 ...
Generating 5-dimension point dataset, number of points in dataset = 102400
Time cost: 4.2823s
passed
  Test: testcase4 ...
Generating 4-dimension point dataset, number of points in dataset = 512000
Time cost: 23.8831s
passed
  Test: testcase5 ...
Generating 4-dimension point dataset, number of points in dataset = 512000
Time cost: 23.7544s
passed
  Test: testcase6 ...
Generating 3-dimension point dataset, number of points in dataset = 1024000
Time cost: 2.1316s
passed
  Test: testcase7 ...
Generating 5-dimension point dataset, number of points in dataset = 512000
Time cost: 34.7073s
passed
  Test: testcase8 ...
Generating 4-dimension point dataset, number of points in dataset = 1024000
Time cost: 13.4439s
passed
  Test: testcase9 ...
Generating 4-dimension point dataset, number of points in dataset = 512000
Time cost: 6.3303s
passed
  Test: testcase10 ...
Generating 5-dimension point dataset, number of points in dataset = 1024000
Time cost: 82.9666s
passed
  Test: testcase11 ...
Generating 4-dimension point dataset, number of points in dataset = 1024000
Time cost: 51.2754s
passed
  Test: testcase12 ...
Generating 5-dimension point dataset, number of points in dataset = 512000
Time cost: 146.4944s
passed

Run Summary:    Type  Total    Ran Passed Failed Inactive
              suites      1      1    n/a      0        0
               tests     13     13     13      0        0
             asserts     13     13     13      0      n/a

Elapsed time =  399.080 seconds
