Type '0' to run a toy testcase; Type a number of '1'~'12' to select a testcase; Type '13' to run all the 13 testcases: 

     CUnit - A unit testing framework for C - Version 2.1-3
     http://cunit.sourceforge.net/


Suite: SUITE
  Test: toyTestCase ...
Generating 5-dimension point dataset, number of points in dataset = 20
center: 18: 1 2 10 5 11 
total cdi: 41 cmp: 160
Time cost: 0.0001s
passed
  Test: testcase1 ...
Generating 4-dimension point dataset, number of points in dataset = 102400
center: 48212: 36213 35835 35335 35007 
total cdi: 264748 cmp: 48617068
Time cost: 1.1337s
passed
  Test: testcase2 ...
Generating 3-dimension point dataset, number of points in dataset = 512000
center: 101129: 201644 201322 199483 
total cdi: 931068 cmp: 202672213
Time cost: 3.8367s
passed
  Test: testcase3 ...
Generating 5-dimension point dataset, number of points in dataset = 102400
center: 32903: 42616 34431 31892 15221 40452 
total cdi: 298920 cmp: 196339973
Time cost: 5.3876s
passed
  Test: testcase4 ...
Generating 4-dimension point dataset, number of points in dataset = 512000
center: 93388: 210508 219773 208771 196021 
total cdi: 1168907 cmp: 1741689648
Time cost: 46.3887s
passed
  Test: testcase5 ...
Generating 4-dimension point dataset, number of points in dataset = 512000
center: 419603: 197300 179309 218644 181858 
total cdi: 1173422 cmp: 1747374517
Time cost: 42.0329s
passed
  Test: testcase6 ...
Generating 3-dimension point dataset, number of points in dataset = 1024000
center: 723643: 319102 352722 349067 
total cdi: 2013833 cmp: 193010536
Time cost: 3.3821s
passed
  Test: testcase7 ...
Generating 5-dimension point dataset, number of points in dataset = 512000
center: 50045: 204329 183627 204926 137825 124222 
total cdi: 1535368 cmp: 1353567566
Time cost: 37.4184s
passed
  Test: testcase8 ...
Generating 4-dimension point dataset, number of points in dataset = 1024000
center: 35667: 332845 340408 313346 330911 
total cdi: 2734367 cmp: 608146940
Time cost: 15.1942s
passed
  Test: testcase9 ...
Generating 4-dimension point dataset, number of points in dataset = 512000
center: 505224: 180145 177915 153423 164442 
total cdi: 1327420 cmp: 259777874
Time cost: 5.2273s
passed
  Test: testcase10 ...
Generating 5-dimension point dataset, number of points in dataset = 1024000
center: 68091: 289065 376487 315030 382691 353617 
total cdi: 3206542 cmp: 3028945830
Time cost: 85.7582s
passed
  Test: testcase11 ...
Generating 4-dimension point dataset, number of points in dataset = 1024000
center: 29786: 441698 353611 358934 384986 
total cdi: 2329208 cmp: 3612108597
Time cost: 85.9686s
passed
  Test: testcase12 ...
Generating 5-dimension point dataset, number of points in dataset = 512000
center: 315781: 155913 220893 196920 211033 218190 
total cdi: 1455534 cmp: 8935369819
Time cost: 215.5713s
passed

Run Summary:    Type  Total    Ran Passed Failed Inactive
              suites      1      1    n/a      0        0
               tests     13     13     13      0        0
             asserts     13     13     13      0      n/a

Elapsed time =  554.310 seconds
