47 [140184699365248] INFO perfrun.launcher <> - Launcher main begin
49 [140184699365248] INFO perfrun.launcher <> - MessageCatalogInit finished
49 [140184699365248] INFO perfrun.launcher <> - Launcher instance created
49 [140184699365248] INFO perfrun.launcher <> - argc = 7; cmdline = /opt/intel/advisor_2019.5.0.602216/bin64/advixe-runss --ui-output-format xml --ui-output-fd 6 --option-file /data/d0/y20/shyu0/CSCI4160/csci4160-asgn1a-aoiue/redemo/e000/hs004/config/runss.options 
71 [140184699365248] INFO perfrun.launcher <> - plugin remoteplug has been added successfully
71 [140184699365248] INFO perfrun.launcher <> - plugin system has been added successfully
71 [140184699365248] INFO perfrun.launcher <> - plugin  has been added successfully
71 [140184699365248] INFO perfrun.launcher <> - plugin  has been added successfully
71 [140184699365248] INFO perfrun.launcher <> - plugin  has been added successfully
71 [140184699365248] INFO perfrun.launcher <> - plugin  has been added successfully
71 [140184699365248] INFO perfrun.launcher <> - plugin  has been added successfully
71 [140184699365248] INFO perfrun.launcher <> - plugin  has been added successfully
72 [140184699365248] INFO perfrun.launcher <> - plugin mrte has been added successfully
72 [140184699365248] INFO perfrun.launcher <> - plugin  has been added successfully
72 [140184699365248] INFO perfrun.launcher <> - plugin  has been added successfully
72 [140184699365248] INFO perfrun.launcher <> - plugin  has been added successfully
116 [140184699365248] INFO perfrun.launcher <> - plugin  has been added successfully
116 [140184699365248] INFO perfrun.launcher <> - plugin  has been added successfully
116 [140184699365248] INFO perfrun.launcher <> - plugin  has been added successfully
116 [140184699365248] INFO perfrun.launcher <> - plugin tpss has been added successfully
116 [140184699365248] INFO perfrun.launcher <> - plugin  has been added successfully
116 [140184699365248] INFO perfrun.launcher <> - plugin  has been added successfully
116 [140184699365248] INFO perfrun.launcher <> - plugin  has been added successfully
116 [140184699365248] INFO perfrun.launcher <> - plugin  has been added successfully
116 [140184699365248] INFO perfrun.launcher <> - plugin  has been added successfully
116 [140184699365248] INFO perfrun.launcher <> - plugin  has been added successfully
116 [140184699365248] INFO perfrun.launcher <> - plugin  has been added successfully
117 [140184699365248] INFO perfrun.launcher <> - the option was added --interval: Specify an interval of data collection (for example, sampling) in milliseconds.
117 [140184699365248] INFO perfrun.launcher <> - the option was added --follow-child: Profile process with or without children.
117 [140184699365248] INFO perfrun.launcher <> - the option was added --gelding: BADMSG: perfrun1.launcher.plugin_manager::gelding
117 [140184699365248] INFO perfrun.launcher <> - the option was added --time-source: Specify time source for measurement. Possible values: sys - wall clock time; tsc - time stamp counter; ext - time from an external source; auto - auto select accurate time source.
117 [140184699365248] INFO perfrun.launcher <> - the option was added --stack: Enable or disable collection of stacks.
117 [140184699365248] INFO perfrun.launcher <> - the option was added --stack-stitching: Enable or disable the stack stitching algorithm for Intel TBB-based applications.
117 [140184699365248] INFO perfrun.launcher <> - the option was added --type: Specify type of data to be collected. For example, --type cpu:counters,waiting:nostack,io.
117 [140184699365248] INFO perfrun.launcher <> - the option was added --mrte-mode: Specify Java/.NET/other managed runtime collection mode. Possible values: native - collect information only for native code; managed - collect information only for managed code; mixed - collect information for both managed and native code; auto - choose the mode based on binary type.
118 [140184699365248] INFO perfrun.launcher <> - the option was added --mrte-mode-list: List supported Java/.NET/other managed runtime collection modes.
118 [140184699365248] INFO perfrun.launcher <> - the option was added --mrte-type: Specify which managed runtimes to collect. Possible values: java - collect information for Java; dotnet - collect information for .NET; python - collect information for CPython. You can specify several values separated by comma.
118 [140184699365248] INFO perfrun.launcher <> - the option was added --mrte-type-list: List supported Java/.NET/other managed runtime types.
118 [140184699365248] INFO perfrun.launcher <> - the option was added --trace-strategy: Specify how to profile a process tree. <string> can be "<process>:trace:notrace" - profile the process but do not profile its children. Shorthand parameters: t - trace, nt - notrace. For example, "vtunedemo.exe:t:t".
118 [140184699365248] INFO perfrun.launcher <> - the option was added --collector: BADMSG: perfrun1.launcher.plugin_manager::collector
118 [140184699365248] INFO perfrun.launcher <> - the option was added --system-wide: Enable system-wide profiling. This mode may require additional permissions.
118 [140184699365248] INFO perfrun.launcher <> - the option was added --kvm-guest: Enable KVM guest OS profiling.
118 [140184699365248] INFO perfrun.launcher <> - the option was added --kvm-guest-kallsyms: Specify a local path to the /proc/kallsyms file copied from the guest OS for proper symbol resolution.
118 [140184699365248] INFO perfrun.launcher <> - the option was added --kvm-guest-modules: Specify a local path to the /proc/modules file copied from the guest OS for proper symbol resolution.
118 [140184699365248] INFO perfrun.launcher <> - the option was added --dump-vdso: Dump [vdso] to result directory
118 [140184699365248] INFO perfrun.launcher <> - the option was added --bandwidth-limits: Measure bandwidth limits
118 [140184699365248] INFO perfrun.launcher <> - the option was added --bandwidth-strategy: Bandwidth limits determination specific properties (example: --bandwidth-strategy array-size=0,duration=500).
118 [140184699365248] INFO perfrun.launcher <> - the option was added --bandwidth-config: List of benchmarks to run.
119 [140184699365248] INFO perfrun.launcher <> - the option was added --system-collector-config: Specify subcollectors. Possible values: all, vdso, container, device-info, none.
119 [140184699365248] INFO perfrun.launcher <> - the option was added --stackwalk: Specify stack unwinding method. Possible values: online - unwind stacks during collection; offline - unwind stacks after collection is finished.
119 [140184699365248] INFO perfrun.launcher <> - the option was added --filter-include: Filter data during collection. Possible values: contended=<on|off> - filter out uncontended events; contended_nostack=<time> - filter out stacks for contended events that take less than <time> microseconds; wait=<time> - ignore transitions and blocks with wait time less than <time> microseconds; wait_nostack=<time> - filter out stacks for waits that take less than <time> microseconds.
119 [140184699365248] INFO perfrun.launcher <> - the option was added --debug-pin: Debug PIN tool and runtime.
119 [140184699365248] INFO perfrun.launcher <> - the option was added --debug-exception: Disallow the application to set own abnormal termination handler.
119 [140184699365248] INFO perfrun.launcher <> - the option was added --trace-type: Specify the trace file granularity. Possible values: per-thread - per-thread trace file generation; per-process - per-process trace file generation.
119 [140184699365248] INFO perfrun.launcher <> - the option was added --instrumentation-type: Specify type of instrumentation.
119 [140184699365248] INFO perfrun.launcher <> - the option was added --altstack: Enable or disable usage of altstacks for profiling signal handlers.
119 [140184699365248] INFO perfrun.launcher <> - the option was added --profiling-signal: Alternate profiling signal.
119 [140184699365248] INFO perfrun.launcher <> - the option was added --memory-strategy: Specify a minimal memory object size to be traced and a hash table size for faster objects search; for example: --memory-strategy obj-size-min=1024,hash-table-size=4096.
119 [140184699365248] INFO perfrun.launcher <> - the option was added --opencl-trace-mode: Specify OpenCL kernel tracing modes: 'default' to trace OpenCL kernels for Intel Graphics Driver only; 'epoch' for any non-Intel graphics, where OpenCL kernels will be traced and OpenCL profiling API timestamps will be interpreted as Unux Epoch time in nanoseconds; 'completion' to trace OpenCL kernels for any Graphics Driver and bind OpenCL profiling API timestamps to the timestamp of OpenCL completion callback.
122 [140184699365248] INFO perfrun.launcher <> - create msngr2::ICliToolContext
122 [140184699365248] INFO perfrun.launcher <> - create file finder object
122 [140184699365248] INFO perfrun.launcher <> - create a result directory: pattern = /data/d0/y20/shyu0/CSCI4160/csci4160-asgn1a-aoiue/redemo/e000/hs004 pid = 4294967295
135 [140184699365248] INFO perfrun.sdk <> - checked that the directory /data/d0/y20/shyu0/CSCI4160/csci4160-asgn1a-aoiue/redemo/e000/hs004 is a local directory
135 [140184699365248] INFO perfrun.sdk <> - the directory /data/d0/y20/shyu0/CSCI4160/csci4160-asgn1a-aoiue/redemo/e000/hs004 is located on a share or its FS ID is unknown 26985
135 [140184699365248] INFO perfrun.sdk <> - checked that the directory /tmp/advixe-tmp-shyu0 is a local directory
136 [140184699365248] INFO perfrun.sdk <> - the directory /tmp/advixe-tmp-shyu0 is a local directory with FS type ID 16914836
137 [140184699365248] INFO perfrun.launcher <> - Create a local result directory /tmp/advixe-tmp-shyu0/advixe-res-161735-34958595311852044 due to the user result path /data/d0/y20/shyu0/CSCI4160/csci4160-asgn1a-aoiue/redemo/e000/hs004 is located on a share
137 [140184699365248] INFO perfrun.launcher <> - create data directory = /tmp/advixe-tmp-shyu0/advixe-res-161735-34958595311852044/data.0
169 [140184699365248] INFO perfrun.launcher <> - create data directory = /data/d0/y20/shyu0/CSCI4160/csci4160-asgn1a-aoiue/redemo/e000/hs004/data.0
203 [140184699365248] INFO perfrun.launcher <> - Creating the master collection flag
295 [140184699365248] INFO perfrun.launcher <> - Done creating the master collection flag
347 [140184589571840] INFO perfrun.launcher <> - plugin [remoteplug] was disabled because it doesn't support the given collection type.
368 [140184589571840] INFO perfrun.sdk <> - Allocating TMU :/tmp/advixe-tmp-shyu0/advixe-res-161735-34958595311852044/data.0/systemcollector-161735-hpc15.cse.cuhk.edu.hk.sc
368 [140184589571840] INFO perfrun.launcher <> - plugin [] was disabled because it doesn't support the given collection type.
368 [140184589571840] INFO perfrun.launcher <> - plugin [] was disabled because it doesn't support the given collection type.
368 [140184589571840] INFO perfrun.launcher <> - plugin [] was disabled because it doesn't support the given collection type.
368 [140184589571840] INFO perfrun.launcher <> - plugin [] was disabled because it doesn't support the given collection type.
368 [140184589571840] INFO perfrun.launcher <> - plugin [] was disabled because it doesn't support the given collection type.
368 [140184589571840] INFO perfrun.launcher <> - plugin [] was disabled because it doesn't support the given collection type.
368 [140184589571840] INFO perfrun.launcher <> - plugin [mrte] was disabled because it doesn't support the given collection type.
368 [140184589571840] INFO perfrun.launcher <> - plugin [] was disabled because it doesn't support the given collection type.
368 [140184589571840] INFO perfrun.launcher <> - plugin [] was disabled because it doesn't support the given collection type.
368 [140184589571840] INFO perfrun.launcher <> - plugin [] was disabled because it doesn't support the given collection type.
368 [140184589571840] INFO perfrun.launcher <> - plugin [] was disabled because it doesn't support the given collection type.
368 [140184589571840] INFO perfrun.launcher <> - plugin [] was disabled because it doesn't support the given collection type.
368 [140184589571840] INFO perfrun.launcher <> - plugin [] was disabled because it doesn't support the given collection type.
368 [140184589571840] INFO perfrun.tpss <> - initialize tpss controller
368 [140184589571840] INFO perfrun.tpss <> - configure collection mode: value = cpu:stack
368 [140184589571840] INFO perfrun.tpss <> - default obj-size-min=1024
368 [140184589571840] INFO perfrun.tpss <> - default hash-table-size=0
368 [140184589571840] INFO perfrun.launcher <> - plugin [] was disabled because it doesn't support the given collection type.
368 [140184589571840] INFO perfrun.launcher <> - plugin [] was disabled because it doesn't support the given collection type.
368 [140184589571840] INFO perfrun.launcher <> - plugin [] was disabled because it doesn't support the given collection type.
368 [140184589571840] INFO perfrun.launcher <> - plugin [] was disabled because it doesn't support the given collection type.
368 [140184589571840] INFO perfrun.launcher <> - plugin [] was disabled because it doesn't support the given collection type.
368 [140184589571840] INFO perfrun.launcher <> - plugin [] was disabled because it doesn't support the given collection type.
368 [140184589571840] INFO perfrun.launcher <> - plugin [] was disabled because it doesn't support the given collection type.
368 [140184699365248] INFO perfrun.launcher <> - RpcServer: run RPC server to handle requests
412 [140184699365248] INFO perfrun.launcher <> - Launcher: command line to start before modification = make
413 [140184699365248] INFO perfrun.launcher <> - Launcher: command line to start after modification = /opt/intel/advisor_2019.5.0.602216/bin64/pin -error_file /tmp/advixe-tmp-shyu0/advixe-res-161735-34958595311852044/data.0/pinerr.tpsslog -detach_reattach -follow_execv -tool_load_option deepbind -t64 /opt/intel/advisor_2019.5.0.602216/lib64/libtpsstool.so -t /opt/intel/advisor_2019.5.0.602216/lib32/libtpsstool.so -server_name tpss_ipc.161735 -prd_dir /opt/intel/advisor_2019.5.0.602216 -- make
413 [140184699365248] INFO perfrun.launcher <> - ProcessCreator object was created
415 [140184699365248] INFO perfrun.launcher <> - Launcher: the process was started in suspend mode
713 [140184589571840] INFO perfrun.system <> - Helper runtool '/opt/intel/advisor_2019.5.0.602216/bin32/advixe-runss -dump-vdso -r /tmp/advixe-tmp-shyu0/advixe-res-161735-34958595311852044 --tmp-dir /tmp/advixe-tmp-shyu0' returned 0
997 [140184589571840] INFO perfrun.system <> - Helper runtool '/opt/intel/advisor_2019.5.0.602216/bin64/advixe-runss -dump-vdso -r /tmp/advixe-tmp-shyu0/advixe-res-161735-34958595311852044 --tmp-dir /tmp/advixe-tmp-shyu0' returned 0
1192 [140184589571840] INFO perfrun.system <> - OpenCL gpu adapter vendor Id 4139
1192 [140184589571840] WARN perfrun.system <> - Could not do anything with /sys/kernel/debug/kvm: boost::filesystem::status: Permission denied: "/sys/kernel/debug/kvm", at file: vcs/perfrun1/plugins/system/src/trace_writer.cpp:749
1192 [140184589571840] WARN perfrun.system <> - Folder "/var/run/libvirt/qemu/"doesn't exist, at file: vcs/perfrun1/plugins/system/src/trace_writer.cpp:762
1192 [140184589571840] WARN perfrun.sdk <> - Failed to find xl binary on any of the system paths: /bin, /sbin, /usr/bin, /usr/sbin., at file: vcs/perfrun1/sdk/src/utils.cpp:434
1196 [140184589571840] INFO perfrun.tpss <> - start tpss controller for pid #161741
1247 [140184699365248] INFO perfrun.launcher <> - Launcher: all plugins were started
1247 [140184699365248] INFO perfrun.launcher <> - DirectoryMonitor object was created
1247 [140184699365248] INFO perfrun.launcher <> - DirectoryMonitor: a callback was added
1247 [140184699365248] INFO perfrun.launcher <> - DirectoryMonitor was started with pingTime = 1000
1247 [140184699365248] INFO perfrun.launcher <> - DeadlineTimer is going to be constructed
1247 [140184699365248] INFO perfrun.launcher <> - DeadlineTimer: a callback was added
1318 [140184699365248] INFO perfrun.launcher <> - Launcher: resume the profiled application and  wait its termination or stop command
1842 [140184175769344] ERROR perfrun.launcher <> - Messenger::say: Valid __errno_location symbol is not found in the binary of the analysis target.
1842 [140184167376640] ERROR perfrun.launcher <> - Messenger::say: Binary file of the analysis target does not contain symbols required for profiling. See the 'Analyzing Statically Linked Binaries' help topic for more details.
2606 [140184699365248] INFO perfrun.launcher <> - Launcher: the profiled application was terminated  with exit code = 2
2644 [140184589571840] WARN perfrun.system <> - Only 2 usec accuracy achieved for reference point, at file: vcs/perfrun1/plugins/system/src/trace_writer.cpp:373
2650 [140184589571840] INFO perfrun.tpss <> - stop tpss controller
2651 [140184589571840] INFO perfrun.sdk <> - De-allocating TMU: /tmp/advixe-tmp-shyu0/advixe-res-161735-34958595311852044/data.0/systemcollector-161735-hpc15.cse.cuhk.edu.hk.sc
2651 [140184589571840] INFO perfrun.system <> - closed the system trace file: /tmp/advixe-tmp-shyu0/advixe-res-161735-34958595311852044/data.0/systemcollector-161735-hpc15.cse.cuhk.edu.hk.sc
2651 [140184699365248] INFO perfrun.launcher <> - Launcher: all plugins were stopped.
2652 [140184699365248] INFO perfrun.launcher <> - DeadlineTimer is going to be destroyed
2652 [140184699365248] INFO perfrun.launcher <> - DeadlineTimer was destroyed
2652 [140184699365248] INFO perfrun.launcher <> - DirectoryMonitor object was destroyed
2652 [140184699365248] WARN perfrun.launcher <> - Stop command is ignored because it is received when collection is already stopped, at file: vcs/perfrun1/launcher/src/command_handler.cpp:212
3509 [140184699365248] INFO perfrun.launcher <> - Application exit code: 2
3509 [140184699365248] INFO perfrun.launcher <> - Exit code: 4
