35 [140324419979136] INFO perfrun.launcher <> - Launcher main begin
38 [140324419979136] INFO perfrun.launcher <> - MessageCatalogInit finished
38 [140324419979136] INFO perfrun.launcher <> - Launcher instance created
38 [140324419979136] INFO perfrun.launcher <> - argc = 7; cmdline = /opt/intel/advisor_2019.5.0.602216/bin64/advixe-runss --ui-output-format xml --ui-output-fd 6 --option-file /data/d0/y20/shyu0/CSCI4160/csci4160-asgn1a-aoiue/result/e000/hs002/config/runss.options 
59 [140324419979136] INFO perfrun.launcher <> - plugin remoteplug has been added successfully
59 [140324419979136] INFO perfrun.launcher <> - plugin system has been added successfully
59 [140324419979136] INFO perfrun.launcher <> - plugin  has been added successfully
59 [140324419979136] INFO perfrun.launcher <> - plugin  has been added successfully
59 [140324419979136] INFO perfrun.launcher <> - plugin  has been added successfully
59 [140324419979136] INFO perfrun.launcher <> - plugin  has been added successfully
59 [140324419979136] INFO perfrun.launcher <> - plugin  has been added successfully
59 [140324419979136] INFO perfrun.launcher <> - plugin  has been added successfully
60 [140324419979136] INFO perfrun.launcher <> - plugin mrte has been added successfully
60 [140324419979136] INFO perfrun.launcher <> - plugin  has been added successfully
60 [140324419979136] INFO perfrun.launcher <> - plugin  has been added successfully
60 [140324419979136] INFO perfrun.launcher <> - plugin  has been added successfully
104 [140324419979136] INFO perfrun.launcher <> - plugin  has been added successfully
104 [140324419979136] INFO perfrun.launcher <> - plugin  has been added successfully
104 [140324419979136] INFO perfrun.launcher <> - plugin  has been added successfully
104 [140324419979136] INFO perfrun.launcher <> - plugin tpss has been added successfully
104 [140324419979136] INFO perfrun.launcher <> - plugin  has been added successfully
104 [140324419979136] INFO perfrun.launcher <> - plugin  has been added successfully
104 [140324419979136] INFO perfrun.launcher <> - plugin  has been added successfully
104 [140324419979136] INFO perfrun.launcher <> - plugin  has been added successfully
104 [140324419979136] INFO perfrun.launcher <> - plugin  has been added successfully
104 [140324419979136] INFO perfrun.launcher <> - plugin  has been added successfully
105 [140324419979136] INFO perfrun.launcher <> - plugin  has been added successfully
105 [140324419979136] INFO perfrun.launcher <> - the option was added --interval: Specify an interval of data collection (for example, sampling) in milliseconds.
105 [140324419979136] INFO perfrun.launcher <> - the option was added --follow-child: Profile process with or without children.
105 [140324419979136] INFO perfrun.launcher <> - the option was added --gelding: BADMSG: perfrun1.launcher.plugin_manager::gelding
105 [140324419979136] INFO perfrun.launcher <> - the option was added --time-source: Specify time source for measurement. Possible values: sys - wall clock time; tsc - time stamp counter; ext - time from an external source; auto - auto select accurate time source.
105 [140324419979136] INFO perfrun.launcher <> - the option was added --stack: Enable or disable collection of stacks.
105 [140324419979136] INFO perfrun.launcher <> - the option was added --stack-stitching: Enable or disable the stack stitching algorithm for Intel TBB-based applications.
105 [140324419979136] INFO perfrun.launcher <> - the option was added --type: Specify type of data to be collected. For example, --type cpu:counters,waiting:nostack,io.
106 [140324419979136] INFO perfrun.launcher <> - the option was added --mrte-mode: Specify Java/.NET/other managed runtime collection mode. Possible values: native - collect information only for native code; managed - collect information only for managed code; mixed - collect information for both managed and native code; auto - choose the mode based on binary type.
106 [140324419979136] INFO perfrun.launcher <> - the option was added --mrte-mode-list: List supported Java/.NET/other managed runtime collection modes.
106 [140324419979136] INFO perfrun.launcher <> - the option was added --mrte-type: Specify which managed runtimes to collect. Possible values: java - collect information for Java; dotnet - collect information for .NET; python - collect information for CPython. You can specify several values separated by comma.
106 [140324419979136] INFO perfrun.launcher <> - the option was added --mrte-type-list: List supported Java/.NET/other managed runtime types.
106 [140324419979136] INFO perfrun.launcher <> - the option was added --trace-strategy: Specify how to profile a process tree. <string> can be "<process>:trace:notrace" - profile the process but do not profile its children. Shorthand parameters: t - trace, nt - notrace. For example, "vtunedemo.exe:t:t".
106 [140324419979136] INFO perfrun.launcher <> - the option was added --collector: BADMSG: perfrun1.launcher.plugin_manager::collector
106 [140324419979136] INFO perfrun.launcher <> - the option was added --system-wide: Enable system-wide profiling. This mode may require additional permissions.
106 [140324419979136] INFO perfrun.launcher <> - the option was added --kvm-guest: Enable KVM guest OS profiling.
106 [140324419979136] INFO perfrun.launcher <> - the option was added --kvm-guest-kallsyms: Specify a local path to the /proc/kallsyms file copied from the guest OS for proper symbol resolution.
106 [140324419979136] INFO perfrun.launcher <> - the option was added --kvm-guest-modules: Specify a local path to the /proc/modules file copied from the guest OS for proper symbol resolution.
106 [140324419979136] INFO perfrun.launcher <> - the option was added --dump-vdso: Dump [vdso] to result directory
106 [140324419979136] INFO perfrun.launcher <> - the option was added --bandwidth-limits: Measure bandwidth limits
107 [140324419979136] INFO perfrun.launcher <> - the option was added --bandwidth-strategy: Bandwidth limits determination specific properties (example: --bandwidth-strategy array-size=0,duration=500).
107 [140324419979136] INFO perfrun.launcher <> - the option was added --bandwidth-config: List of benchmarks to run.
107 [140324419979136] INFO perfrun.launcher <> - the option was added --system-collector-config: Specify subcollectors. Possible values: all, vdso, container, device-info, none.
107 [140324419979136] INFO perfrun.launcher <> - the option was added --stackwalk: Specify stack unwinding method. Possible values: online - unwind stacks during collection; offline - unwind stacks after collection is finished.
107 [140324419979136] INFO perfrun.launcher <> - the option was added --filter-include: Filter data during collection. Possible values: contended=<on|off> - filter out uncontended events; contended_nostack=<time> - filter out stacks for contended events that take less than <time> microseconds; wait=<time> - ignore transitions and blocks with wait time less than <time> microseconds; wait_nostack=<time> - filter out stacks for waits that take less than <time> microseconds.
107 [140324419979136] INFO perfrun.launcher <> - the option was added --debug-pin: Debug PIN tool and runtime.
107 [140324419979136] INFO perfrun.launcher <> - the option was added --debug-exception: Disallow the application to set own abnormal termination handler.
107 [140324419979136] INFO perfrun.launcher <> - the option was added --trace-type: Specify the trace file granularity. Possible values: per-thread - per-thread trace file generation; per-process - per-process trace file generation.
107 [140324419979136] INFO perfrun.launcher <> - the option was added --instrumentation-type: Specify type of instrumentation.
107 [140324419979136] INFO perfrun.launcher <> - the option was added --altstack: Enable or disable usage of altstacks for profiling signal handlers.
107 [140324419979136] INFO perfrun.launcher <> - the option was added --profiling-signal: Alternate profiling signal.
107 [140324419979136] INFO perfrun.launcher <> - the option was added --memory-strategy: Specify a minimal memory object size to be traced and a hash table size for faster objects search; for example: --memory-strategy obj-size-min=1024,hash-table-size=4096.
108 [140324419979136] INFO perfrun.launcher <> - the option was added --opencl-trace-mode: Specify OpenCL kernel tracing modes: 'default' to trace OpenCL kernels for Intel Graphics Driver only; 'epoch' for any non-Intel graphics, where OpenCL kernels will be traced and OpenCL profiling API timestamps will be interpreted as Unux Epoch time in nanoseconds; 'completion' to trace OpenCL kernels for any Graphics Driver and bind OpenCL profiling API timestamps to the timestamp of OpenCL completion callback.
110 [140324419979136] INFO perfrun.launcher <> - create msngr2::ICliToolContext
110 [140324419979136] INFO perfrun.launcher <> - create file finder object
110 [140324419979136] INFO perfrun.launcher <> - create a result directory: pattern = /data/d0/y20/shyu0/CSCI4160/csci4160-asgn1a-aoiue/result/e000/hs002 pid = 4294967295
124 [140324419979136] INFO perfrun.sdk <> - checked that the directory /data/d0/y20/shyu0/CSCI4160/csci4160-asgn1a-aoiue/result/e000/hs002 is a local directory
124 [140324419979136] INFO perfrun.sdk <> - the directory /data/d0/y20/shyu0/CSCI4160/csci4160-asgn1a-aoiue/result/e000/hs002 is located on a share or its FS ID is unknown 26985
124 [140324419979136] INFO perfrun.sdk <> - checked that the directory /tmp/advixe-tmp-shyu0 is a local directory
124 [140324419979136] INFO perfrun.sdk <> - the directory /tmp/advixe-tmp-shyu0 is a local directory with FS type ID 16914836
125 [140324419979136] INFO perfrun.launcher <> - Create a local result directory /tmp/advixe-tmp-shyu0/advixe-res-158168-34957944364920282 due to the user result path /data/d0/y20/shyu0/CSCI4160/csci4160-asgn1a-aoiue/result/e000/hs002 is located on a share
125 [140324419979136] INFO perfrun.launcher <> - create data directory = /tmp/advixe-tmp-shyu0/advixe-res-158168-34957944364920282/data.0
155 [140324419979136] INFO perfrun.launcher <> - create data directory = /data/d0/y20/shyu0/CSCI4160/csci4160-asgn1a-aoiue/result/e000/hs002/data.0
189 [140324419979136] INFO perfrun.launcher <> - Creating the master collection flag
268 [140324419979136] INFO perfrun.launcher <> - Done creating the master collection flag
320 [140324310185728] INFO perfrun.launcher <> - plugin [remoteplug] was disabled because it doesn't support the given collection type.
339 [140324310185728] INFO perfrun.sdk <> - Allocating TMU :/tmp/advixe-tmp-shyu0/advixe-res-158168-34957944364920282/data.0/systemcollector-158168-hpc15.cse.cuhk.edu.hk.sc
340 [140324310185728] INFO perfrun.launcher <> - plugin [] was disabled because it doesn't support the given collection type.
340 [140324310185728] INFO perfrun.launcher <> - plugin [] was disabled because it doesn't support the given collection type.
340 [140324310185728] INFO perfrun.launcher <> - plugin [] was disabled because it doesn't support the given collection type.
340 [140324310185728] INFO perfrun.launcher <> - plugin [] was disabled because it doesn't support the given collection type.
340 [140324310185728] INFO perfrun.launcher <> - plugin [] was disabled because it doesn't support the given collection type.
340 [140324310185728] INFO perfrun.launcher <> - plugin [] was disabled because it doesn't support the given collection type.
340 [140324310185728] INFO perfrun.launcher <> - plugin [mrte] was disabled because it doesn't support the given collection type.
340 [140324310185728] INFO perfrun.launcher <> - plugin [] was disabled because it doesn't support the given collection type.
340 [140324310185728] INFO perfrun.launcher <> - plugin [] was disabled because it doesn't support the given collection type.
340 [140324310185728] INFO perfrun.launcher <> - plugin [] was disabled because it doesn't support the given collection type.
340 [140324310185728] INFO perfrun.launcher <> - plugin [] was disabled because it doesn't support the given collection type.
340 [140324310185728] INFO perfrun.launcher <> - plugin [] was disabled because it doesn't support the given collection type.
340 [140324310185728] INFO perfrun.launcher <> - plugin [] was disabled because it doesn't support the given collection type.
340 [140324310185728] INFO perfrun.tpss <> - initialize tpss controller
340 [140324310185728] INFO perfrun.tpss <> - configure collection mode: value = cpu:stack
340 [140324310185728] INFO perfrun.tpss <> - default obj-size-min=1024
340 [140324310185728] INFO perfrun.tpss <> - default hash-table-size=0
340 [140324310185728] INFO perfrun.launcher <> - plugin [] was disabled because it doesn't support the given collection type.
340 [140324310185728] INFO perfrun.launcher <> - plugin [] was disabled because it doesn't support the given collection type.
340 [140324310185728] INFO perfrun.launcher <> - plugin [] was disabled because it doesn't support the given collection type.
340 [140324310185728] INFO perfrun.launcher <> - plugin [] was disabled because it doesn't support the given collection type.
340 [140324310185728] INFO perfrun.launcher <> - plugin [] was disabled because it doesn't support the given collection type.
340 [140324310185728] INFO perfrun.launcher <> - plugin [] was disabled because it doesn't support the given collection type.
340 [140324310185728] INFO perfrun.launcher <> - plugin [] was disabled because it doesn't support the given collection type.
340 [140324419979136] INFO perfrun.launcher <> - RpcServer: run RPC server to handle requests
514 [140324419979136] ERROR perfrun.launcher <> - Messenger::say: Binary `demo' cannot be executed. Suggestion: Make sure the file exists, specified location is correct, and you have privileges to run the file.
514 [140324419979136] INFO perfrun.launcher <> - Application exit code: 0
514 [140324419979136] INFO perfrun.launcher <> - Exit code: 1
