<?xml version="1.0" encoding="utf-8"?>
<log version="1.0" tool="runtool">

<msg id="1" tool="runtool">
  <type>log-start</type>
  <arg>2022/02/28 14:11:45</arg>
</msg>
<msg id="2" tool="runtool">
  <type>bandwidth-measurement-starts</type>
</msg>
<msg id="3" tool="runtool">
  <type>bandwidth-measurement-done</type>
</msg>
<msg id="4" tool="runtool">
  <type>collector-starts</type>
</msg>
<msg id="5" tool="runtool">
  <type>marker-file</type>
  <arg>/data/d0/y20/shyu0/CSCI4160/csci4160-asgn1a-aoiue/redemo/e000/trc002/trc002.advixe</arg>
</msg>
<msg id="6" tool="trc">
  <type>PROCESS_START</type>
  <arg>/usr/bin/make</arg>
  <arg>162869</arg>
  <severity>INFO</severity>
  <timestamp>Mon Feb 28 14:12:18 2022</timestamp>
</msg>
<msg id="7" tool="trc">
  <type>PROCESS_ANALYSIS_MODE</type>
  <arg>full</arg>
  <severity>INFO</severity>
  <timestamp>Mon Feb 28 14:12:19 2022</timestamp>
</msg>
<msg id="8" tool="trc">
  <type>LOAD_MODULE</type>
  <arg>/usr/bin/make</arg>
  <arg>0x400000</arg>
  <arg>0x62c687</arg>
  <severity>INFO</severity>
  <timestamp>Mon Feb 28 14:12:19 2022</timestamp>
</msg>
<msg id="9" tool="trc">
  <type>LOAD_MODULE</type>
  <arg>/lib64/ld-linux-x86-64.so.2</arg>
  <arg>0x7fcb33afe000</arg>
  <arg>0x7fcb33d2114f</arg>
  <severity>INFO</severity>
  <timestamp>Mon Feb 28 14:12:19 2022</timestamp>
</msg>
<msg id="10" tool="trc">
  <type>LOAD_MODULE</type>
  <arg>[vdso]</arg>
  <arg>0x7ffd415de000</arg>
  <arg>0x7ffd415dee6c</arg>
  <severity>INFO</severity>
  <timestamp>Mon Feb 28 14:12:19 2022</timestamp>
</msg>
<msg id="11" tool="trc">
  <type>LOAD_MODULE</type>
  <arg>/lib64/libc.so.6</arg>
  <arg>0x7fcb1df32000</arg>
  <arg>0x7fcb1e2ff1ff</arg>
  <severity>INFO</severity>
  <timestamp>Mon Feb 28 14:12:19 2022</timestamp>
</msg>
<msg id="12" tool="trc">
  <type>PROCESS_START</type>
  <arg>/data/d0/y20/shyu0/CSCI4160/csci4160-asgn1a-aoiue/demo</arg>
  <arg>162874</arg>
  <severity>INFO</severity>
  <timestamp>Mon Feb 28 14:12:20 2022</timestamp>
</msg>
<msg id="13" tool="trc">
  <type>PROCESS_ANALYSIS_MODE</type>
  <arg>full</arg>
  <severity>INFO</severity>
  <timestamp>Mon Feb 28 14:12:20 2022</timestamp>
</msg>
<msg id="14" tool="trc">
  <type>LOAD_MODULE</type>
  <arg>/data/d0/y20/shyu0/CSCI4160/csci4160-asgn1a-aoiue/demo</arg>
  <arg>0x400000</arg>
  <arg>0x6f39d7</arg>
  <severity>INFO</severity>
  <timestamp>Mon Feb 28 14:12:20 2022</timestamp>
</msg>
<msg id="15" tool="trc">
  <type>LOAD_MODULE</type>
  <arg>[vdso]</arg>
  <arg>0x7ffe19fe7000</arg>
  <arg>0x7ffe19fe7e6c</arg>
  <severity>INFO</severity>
  <timestamp>Mon Feb 28 14:12:20 2022</timestamp>
</msg>
<msg id="16" tool="trc">
  <type>UNLOAD_MODULE</type>
  <arg>/data/d0/y20/shyu0/CSCI4160/csci4160-asgn1a-aoiue/demo</arg>
  <severity>INFO</severity>
  <timestamp>Mon Feb 28 14:12:44 2022</timestamp>
</msg>
<msg id="17" tool="trc">
  <type>UNLOAD_MODULE</type>
  <arg>[vdso]</arg>
  <severity>INFO</severity>
  <timestamp>Mon Feb 28 14:12:44 2022</timestamp>
</msg>
<msg id="18" tool="trc">
  <type>PROCESS_FINISH</type>
  <arg>/data/d0/y20/shyu0/CSCI4160/csci4160-asgn1a-aoiue/demo</arg>
  <arg>162874</arg>
  <arg>0x0</arg>
  <severity>INFO</severity>
  <timestamp>Mon Feb 28 14:12:44 2022</timestamp>
</msg>
<msg id="19" tool="runtool">
  <type>app-exit-code</type>
  <arg>0</arg>
</msg>
<msg id="20" tool="runtool">
  <type>marker-file</type>
  <arg>/data/d0/y20/shyu0/CSCI4160/csci4160-asgn1a-aoiue/redemo/e000/trc002/trc002.advixe</arg>
</msg>
<msg id="21" tool="runtool">
  <type>collector-done</type>
</msg>
<msg id="22" tool="runtool">
  <type>log-end</type>
  <arg>2022/02/28 14:12:49</arg>
</msg>

</log>

