<?xml version="1.0" encoding="utf-8" ?>
<!-- DO NOT EDIT THIS FILE -->

<log version='2.0' source='trc'>
	<msg id='1' display='false' source='trc'>
		<type>PROCESS_START</type>
		<severity>INFO</severity>
		<timestamp>Mon Feb 28 14:12:20 2022</timestamp>
		<arg name='process'>/data/d0/y20/shyu0/CSCI4160/csci4160-asgn1a-aoiue/demo</arg>
		<arg name='pid'>162874</arg>
	</msg>
	<!-- Instrumentation filter's state:
    Patterns applicability:
        Generic loop pattern.....................: disabled
        Generic loop pattern (with dynamic jumps): disabled
        Known trip value loop pattern............: disabled
        Runtime final value loop pattern.........: disabled
        No initial IV loop pattern...............: disabled
        IV step only loop pattern................: disabled
        No entry loop pattern....................: disabled
    Clustered memory model (CMM) applicability:
        Generic loop pattern.....................: enabled
        Generic loop pattern (with dynamic jumps): enabled
        Known trip value loop pattern............: enabled
        Runtime final value loop pattern.........: enabled
        No initial IV loop pattern...............: enabled
        IV step only loop pattern................: enabled
        No entry loop pattern....................: disabled
 -->
	<!-- Callstack mode:
    filter modules.........: true
    filter routines........: true
    count loops............: false
    count flops............: false
    trace..................: false
    extended trace.........: false
    omp trace..............: false
    failures trace.........: false
    dump raw...............: false
    dump final.............: false
    dump all...............: false
    stack stitching........: true
    stl profiling..........: false
    aggressive frame switch: true
    unwind frame exit......: true
    analyze child loops....: true
 -->
	<!-- Managed application profiling: -->
	<!-- 	State...................: enabled -->
	<msg id='2' display='false' source='trc'>
		<type>PROCESS_ANALYSIS_MODE</type>
		<severity>INFO</severity>
		<timestamp>Mon Feb 28 14:12:20 2022</timestamp>
		<arg name='mode'>full</arg>
	</msg>
	<msg id='3' display='false' source='trc'>
		<type>LOAD_MODULE</type>
		<severity>INFO</severity>
		<timestamp>Mon Feb 28 14:12:20 2022</timestamp>
		<arg name='module'>/data/d0/y20/shyu0/CSCI4160/csci4160-asgn1a-aoiue/demo</arg>
		<arg name='basement'>0x400000</arg>
		<arg name='ceiling'>0x6f39d7</arg>
	</msg>
	<!-- Instrumentation of /data/d0/y20/shyu0/CSCI4160/csci4160-asgn1a-aoiue/demo image skipped because of filter conditions [cs-mode]. -->
	<msg id='4' display='false' source='trc'>
		<type>LOAD_MODULE</type>
		<severity>INFO</severity>
		<timestamp>Mon Feb 28 14:12:20 2022</timestamp>
		<arg name='module'>[vdso]</arg>
		<arg name='basement'>0x7ffe19fe7000</arg>
		<arg name='ceiling'>0x7ffe19fe7e6c</arg>
	</msg>
	<!-- Instrumentation of [vdso] image skipped because of filter conditions [cs-mode]. -->
	<msg id='5' display='false' source='trc'>
		<type>UNLOAD_MODULE</type>
		<severity>INFO</severity>
		<timestamp>Mon Feb 28 14:12:44 2022</timestamp>
		<arg name='module'>/data/d0/y20/shyu0/CSCI4160/csci4160-asgn1a-aoiue/demo</arg>
	</msg>
	<msg id='6' display='false' source='trc'>
		<type>UNLOAD_MODULE</type>
		<severity>INFO</severity>
		<timestamp>Mon Feb 28 14:12:44 2022</timestamp>
		<arg name='module'>[vdso]</arg>
	</msg>
	<msg id='7' display='false' source='trc'>
		<type>PROCESS_FINISH</type>
		<severity>INFO</severity>
		<timestamp>Mon Feb 28 14:12:44 2022</timestamp>
		<arg name='process'>/data/d0/y20/shyu0/CSCI4160/csci4160-asgn1a-aoiue/demo</arg>
		<arg name='pid'>162874</arg>
		<arg name='exitcode'>0x0</arg>
	</msg>
	<!-- Application exited with code 0 -->
</log>